[08:27:39] [Server thread/INFO]: Starting minecraft server version 1.11.2
[08:27:39] [Server thread/INFO]: Loading properties
[08:27:39] [Server thread/INFO]: Default game type: SURVIVAL
[08:27:39] [Server thread/INFO]: Generating keypair
[08:27:39] [Server thread/INFO]: Starting Minecraft server on *:25565
[08:27:39] [Server thread/INFO]: Using epoll channel type
[08:27:39] [Server thread/INFO]: Preparing level "world"
[08:27:40] [Server thread/INFO]: Preparing start region for level 0
[08:27:41] [Server thread/INFO]: Preparing spawn area: 0%
[08:27:42] [Server thread/INFO]: Preparing spawn area: 58%
[08:27:43] [Server thread/INFO]: Done (3.153s)! For help, type "help" or "?"
[09:20:54] [Server thread/INFO]: com.mojang.authlib.GameProfile@4f4d3eb9[id=<null>,name=Willis,properties={},legacy=false] (/220.177.80.103:22465) lost connection: Disconnected
[09:21:21] [Server thread/INFO]: com.mojang.authlib.GameProfile@54393dc0[id=<null>,name=Willis,properties={},legacy=false] (/220.177.80.103:26881) lost connection: Disconnected
[09:27:53] [Server Shutdown Thread/INFO]: Stopping server
[09:27:53] [Server Shutdown Thread/INFO]: Saving players
[09:27:53] [Server Shutdown Thread/INFO]: Saving worlds
[09:27:53] [Server Shutdown Thread/INFO]: Saving chunks for level 'world'/Overworld
[09:27:53] [Server Shutdown Thread/INFO]: Saving chunks for level 'world'/Nether
[09:27:53] [Server Shutdown Thread/INFO]: Saving chunks for level 'world'/The End
[09:36:14] [Server thread/INFO]: Starting minecraft server version 1.11.2
[09:36:14] [Server thread/INFO]: Loading properties
[09:36:14] [Server thread/INFO]: Default game type: SURVIVAL
[09:36:14] [Server thread/INFO]: Generating keypair
[09:36:14] [Server thread/INFO]: Starting Minecraft server on *:25565
[09:36:14] [Server thread/INFO]: Using epoll channel type
[09:36:15] [Server thread/WARN]: **** SERVER IS RUNNING IN OFFLINE/INSECURE MODE!
[09:36:15] [Server thread/WARN]: The server will make no attempt to authenticate usernames. Beware.
[09:36:15] [Server thread/WARN]: While this makes the game possible to play without internet access, it also opens up the ability for hackers to connect with any username they choose.
[09:36:15] [Server thread/WARN]: To change this, set "online-mode" to "true" in the server.properties file.
[09:36:15] [Server thread/INFO]: Preparing level "world"
[09:36:15] [Server thread/INFO]: Preparing start region for level 0
[09:36:16] [Server thread/INFO]: Preparing spawn area: 6%
[09:36:17] [Server thread/INFO]: Preparing spawn area: 70%
[09:36:18] [Server thread/INFO]: Done (2.833s)! For help, type "help" or "?"
[09:36:21] [Server thread/INFO]: Willis[/220.177.80.103:22689] logged in with entity id 156 at (135.28789584434747, 65.0, 176.99598479591026)
[09:36:21] [Server thread/INFO]: Willis joined the game
[09:36:43] [Server thread/INFO]: Willis lost connection: TextComponent{text='Disconnected', siblings=[], style=Style{hasParent=false, color=null, bold=null, italic=null, underlined=null, obfuscated=null, clickEvent=null, hoverEvent=null, insertion=null}}
[09:36:43] [Server thread/INFO]: Willis left the game
[13:53:04] [Server thread/INFO]: Willis[/39.177.181.135:4701] logged in with entity id 167 at (138.8690403240271, 64.0, 184.68854449023655)
[13:53:04] [Server thread/INFO]: Willis joined the game
[13:57:50] [Server thread/INFO]: Willis lost connection: TextComponent{text='Disconnected', siblings=[], style=Style{hasParent=false, color=null, bold=null, italic=null, underlined=null, obfuscated=null, clickEvent=null, hoverEvent=null, insertion=null}}
[13:57:50] [Server thread/INFO]: Willis left the game
[00:40:38] [Server thread/INFO]: Willis[/59.55.42.217:58849] logged in with entity id 1927 at (203.21610628283884, 63.0, 189.2024564747425)
[00:40:38] [Server thread/INFO]: Willis joined the game
[00:44:17] [Server thread/INFO]: Willis lost connection: TextComponent{text='Disconnected', siblings=[], style=Style{hasParent=false, color=null, bold=null, italic=null, underlined=null, obfuscated=null, clickEvent=null, hoverEvent=null, insertion=null}}
[00:44:17] [Server thread/INFO]: Willis left the game
[05:52:43] [Server thread/INFO]: Willis[/59.55.50.10:37665] logged in with entity id 3660 at (205.0774124575346, 63.0, 189.71879680054582)
[05:52:43] [Server thread/INFO]: Willis joined the game
[05:53:16] [Server thread/INFO]: Willis has just earned the achievement [Taking Inventory]
[05:55:12] [Server thread/INFO]: Willis has just earned the achievement [Getting Wood]
[05:58:20] [Server thread/WARN]: Willis moved wrongly!
[06:13:07] [Server thread/INFO]: Willis has just earned the achievement [Benchmarking]
[06:44:03] [Server thread/INFO]: Willis has just earned the achievement [Time to Strike!]
[06:45:28] [Server thread/INFO]: Willis has just earned the achievement [Monster Hunter]
[06:47:50] [Server thread/INFO]: Willis has just earned the achievement [Time to Mine!]
[06:47:50] [Server thread/INFO]: Willis has just earned the achievement [Getting an Upgrade]
[06:52:25] [Server thread/INFO]: Willis has just earned the achievement [Time to Farm!]
[08:16:05] [Server thread/WARN]: Willis moved wrongly!
[08:17:44] [Server thread/INFO]: Willis lost connection: TextComponent{text='Disconnected', siblings=[], style=Style{hasParent=false, color=null, bold=null, italic=null, underlined=null, obfuscated=null, clickEvent=null, hoverEvent=null, insertion=null}}
[08:17:44] [Server thread/INFO]: Willis left the game
[13:11:42] [Server thread/INFO]: Willis[/39.177.181.135:4995] logged in with entity id 113228 at (553.3460787194521, 63.0, 258.1029017229271)
[13:11:42] [Server thread/INFO]: Willis joined the game
[13:16:17] [Server thread/INFO]: Willis lost connection: TextComponent{text='Disconnected', siblings=[], style=Style{hasParent=false, color=null, bold=null, italic=null, underlined=null, obfuscated=null, clickEvent=null, hoverEvent=null, insertion=null}}
[13:16:17] [Server thread/INFO]: Willis left the game
[02:46:42] [Server thread/INFO]: Willis[/39.168.63.210:1301] logged in with entity id 116277 at (752.6783177361488, 53.0, 239.10390920198702)
[02:46:42] [Server thread/INFO]: Willis joined the game
[03:36:15] [Server thread/INFO]: Willis lost connection: TextComponent{text='You logged in from another location', siblings=[], style=Style{hasParent=false, color=null, bold=null, italic=null, underlined=null, obfuscated=null, clickEvent=null, hoverEvent=null, insertion=null}}
[03:36:15] [Server thread/INFO]: Willis left the game
[03:36:15] [Server thread/INFO]: Willis[/39.168.63.210:1851] logged in with entity id 154400 at (625.182648795825, 58.0, 239.7090017313253)
[03:36:15] [Server thread/INFO]: Willis joined the game
[03:42:04] [Server thread/INFO]: Willis lost connection: TranslatableComponent{key='disconnect.timeout', args=[], siblings=[], style=Style{hasParent=false, color=null, bold=null, italic=null, underlined=null, obfuscated=null, clickEvent=null, hoverEvent=null, insertion=null}}
[03:42:04] [Server thread/INFO]: Willis left the game
[03:43:18] [Server thread/INFO]: Willis[/39.168.63.210:1409] logged in with entity id 159794 at (738.982173017661, 66.0, 234.42243192149348)
[03:43:18] [Server thread/INFO]: Willis joined the game
[03:57:57] [Server thread/WARN]: Willis moved wrongly!
[04:02:05] [Server thread/INFO]: Willis lost connection: TextComponent{text='Disconnected', siblings=[], style=Style{hasParent=false, color=null, bold=null, italic=null, underlined=null, obfuscated=null, clickEvent=null, hoverEvent=null, insertion=null}}
[04:02:05] [Server thread/INFO]: Willis left the game
[12:22:32] [Server thread/INFO]: Willis[/39.168.63.210:1495] logged in with entity id 174614 at (605.4766036504478, 62.0, 249.4380953407591)
[12:22:32] [Server thread/INFO]: Willis joined the game
[12:27:12] [Server thread/INFO]: Willis was blown up by Creeper
[12:31:47] [Server thread/INFO]: Willis fell from a high place
[13:10:14] [Server thread/INFO]: Willis lost connection: TranslatableComponent{key='disconnect.timeout', args=[], siblings=[], style=Style{hasParent=false, color=null, bold=null, italic=null, underlined=null, obfuscated=null, clickEvent=null, hoverEvent=null, insertion=null}}
[13:10:14] [Server thread/INFO]: Willis left the game
[10:55:47] [Server thread/INFO]: Willis[/39.168.63.210:1511] logged in with entity id 213078 at (605.3832134837411, 62.0, 250.25487487832046)
[10:55:47] [Server thread/INFO]: Willis joined the game
[11:14:38] [Server thread/WARN]: Willis moved too quickly! -0.5924542277705314,-11.041225964594858,-2.8425006529477628
[11:16:10] [Server thread/WARN]: Willis moved too quickly! -3.515850938422659,0.0,9.493121089403644
[11:16:34] [Server thread/INFO]: Willis lost connection: TextComponent{text='You logged in from another location', siblings=[], style=Style{hasParent=false, color=null, bold=null, italic=null, underlined=null, obfuscated=null, clickEvent=null, hoverEvent=null, insertion=null}}
[11:16:34] [Server thread/INFO]: Willis left the game
[11:16:34] [Server thread/INFO]: Willis[/39.168.63.210:1705] logged in with entity id 230178 at (1009.2307654549808, 64.0, 404.88470478558)
[11:16:34] [Server thread/INFO]: Willis joined the game
[11:23:55] [Server thread/INFO]: Willis lost connection: TextComponent{text='You logged in from another location', siblings=[], style=Style{hasParent=false, color=null, bold=null, italic=null, underlined=null, obfuscated=null, clickEvent=null, hoverEvent=null, insertion=null}}
[11:23:55] [Server thread/INFO]: Willis left the game
[11:23:55] [Server thread/INFO]: Willis[/39.168.63.210:1948] logged in with entity id 235024 at (1009.2407286729526, 49.0, 411.78924320077016)
[11:23:55] [Server thread/INFO]: Willis joined the game
[11:24:33] [Server thread/INFO]: Willis lost connection: TextComponent{text='You logged in from another location', siblings=[], style=Style{hasParent=false, color=null, bold=null, italic=null, underlined=null, obfuscated=null, clickEvent=null, hoverEvent=null, insertion=null}}
[11:24:33] [Server thread/INFO]: Willis left the game
[11:24:33] [Server thread/INFO]: Willis[/39.168.63.210:1980] logged in with entity id 235635 at (1009.2407286729526, 49.0, 411.78924320077016)
[11:24:33] [Server thread/INFO]: Willis joined the game
[11:25:08] [Server thread/INFO]: Willis lost connection: TranslatableComponent{key='disconnect.timeout', args=[], siblings=[], style=Style{hasParent=false, color=null, bold=null, italic=null, underlined=null, obfuscated=null, clickEvent=null, hoverEvent=null, insertion=null}}
[11:25:08] [Server thread/INFO]: Willis left the game
[11:25:10] [Server thread/INFO]: Willis[/39.168.63.210:2008] logged in with entity id 236021 at (1005.5499750586342, 47.0, 414.83080372889214)
[11:25:10] [Server thread/INFO]: Willis joined the game
[11:27:34] [Server thread/INFO]: Willis lost connection: TextComponent{text='Disconnected', siblings=[], style=Style{hasParent=false, color=null, bold=null, italic=null, underlined=null, obfuscated=null, clickEvent=null, hoverEvent=null, insertion=null}}
[11:27:34] [Server thread/INFO]: Willis left the game
[13:41:48] [Server thread/INFO]: Willis[/39.168.63.210:1159] logged in with entity id 237853 at (1026.883145265225, 51.0, 408.29858959406795)
[13:41:48] [Server thread/INFO]: Willis joined the game
[14:12:46] [Server thread/INFO]: Willis lost connection: TranslatableComponent{key='disconnect.timeout', args=[], siblings=[], style=Style{hasParent=false, color=null, bold=null, italic=null, underlined=null, obfuscated=null, clickEvent=null, hoverEvent=null, insertion=null}}
[14:12:46] [Server thread/INFO]: Willis left the game
[14:50:17] [Server thread/INFO]: Willis[/39.168.63.210:1915] logged in with entity id 261545 at (620.5111449114759, 64.0, 253.18449341548666)
[14:50:17] [Server thread/INFO]: Willis joined the game
[15:09:12] [Server thread/INFO]: Willis lost connection: TranslatableComponent{key='disconnect.timeout', args=[], siblings=[], style=Style{hasParent=false, color=null, bold=null, italic=null, underlined=null, obfuscated=null, clickEvent=null, hoverEvent=null, insertion=null}}
[15:09:12] [Server thread/INFO]: Willis left the game
[15:09:28] [Server thread/INFO]: Willis[/39.168.63.210:1249] logged in with entity id 284196 at (1321.4699062954091, 70.0, 732.4407459408925)
[15:09:28] [Server thread/INFO]: Willis joined the game
[15:16:48] [Server thread/INFO]: Willis lost connection: TranslatableComponent{key='disconnect.timeout', args=[], siblings=[], style=Style{hasParent=false, color=null, bold=null, italic=null, underlined=null, obfuscated=null, clickEvent=null, hoverEvent=null, insertion=null}}
[15:16:48] [Server thread/INFO]: Willis left the game
[15:17:14] [Server thread/INFO]: Willis[/39.168.63.210:1094] logged in with entity id 293804 at (1516.4220066799762, 77.0, 690.7530118570504)
[15:17:14] [Server thread/INFO]: Willis joined the game
[15:24:23] [Server thread/INFO]: Willis lost connection: TranslatableComponent{key='disconnect.timeout', args=[], siblings=[], style=Style{hasParent=false, color=null, bold=null, italic=null, underlined=null, obfuscated=null, clickEvent=null, hoverEvent=null, insertion=null}}
[15:24:23] [Server thread/INFO]: Willis left the game
[15:24:27] [Server thread/INFO]: Willis[/39.168.63.210:1914] logged in with entity id 301707 at (1527.7952664554984, 76.25220334025373, 686.7316373719925)
[15:24:27] [Server thread/INFO]: Willis joined the game
[15:32:00] [Server thread/INFO]: Willis lost connection: TranslatableComponent{key='disconnect.timeout', args=[], siblings=[], style=Style{hasParent=false, color=null, bold=null, italic=null, underlined=null, obfuscated=null, clickEvent=null, hoverEvent=null, insertion=null}}
[15:32:00] [Server thread/INFO]: Willis left the game
[15:32:04] [Server thread/INFO]: Willis[/39.168.63.210:1458] logged in with entity id 309599 at (1321.5284135209806, 63.0, 409.9021349382572)
[15:32:04] [Server thread/INFO]: Willis joined the game
[15:54:45] [Server thread/INFO]: Willis lost connection: TextComponent{text='Disconnected', siblings=[], style=Style{hasParent=false, color=null, bold=null, italic=null, underlined=null, obfuscated=null, clickEvent=null, hoverEvent=null, insertion=null}}
[15:54:45] [Server thread/INFO]: Willis left the game
[03:26:10] [Server Shutdown Thread/INFO]: Stopping server
[04:38:37] [Server thread/INFO]: Starting minecraft server version 1.11.2
[04:38:37] [Server thread/INFO]: Loading properties
[04:38:37] [Server thread/INFO]: Default game type: SURVIVAL
[04:38:37] [Server thread/INFO]: Generating keypair
[04:38:37] [Server thread/INFO]: Starting Minecraft server on *:25565
[04:38:37] [Server thread/INFO]: Using epoll channel type
[04:38:37] [Server thread/WARN]: **** SERVER IS RUNNING IN OFFLINE/INSECURE MODE!
[04:38:37] [Server thread/WARN]: The server will make no attempt to authenticate usernames. Beware.
[04:38:37] [Server thread/WARN]: While this makes the game possible to play without internet access, it also opens up the ability for hackers to connect with any username they choose.
[04:38:37] [Server thread/WARN]: To change this, set "online-mode" to "true" in the server.properties file.
[04:38:37] [Server thread/INFO]: Preparing level "world"
[04:38:38] [Server thread/INFO]: Preparing start region for level 0
[04:38:39] [Server thread/INFO]: Preparing spawn area: 0%
[04:38:40] [Server thread/INFO]: Preparing spawn area: 47%
[04:38:41] [Server thread/INFO]: Preparing spawn area: 93%
[04:38:41] [Server thread/INFO]: Done (3.493s)! For help, type "help" or "?"
[04:38:41] [Server thread/INFO]: Willis[/59.55.50.10:50625] logged in with entity id 0 at (605.9095381804142, 62.0, 250.59848042097983)
[04:38:41] [Server thread/INFO]: Willis joined the game
[05:03:25] [Server thread/INFO]: Willis has just earned the achievement [Hot Topic]
[05:11:57] [Server thread/INFO]: Willis has just earned the achievement [Acquire Hardware]
[05:16:32] [Server thread/INFO]: Willis has just earned the achievement [Cow Tipper]
[05:41:12] [Server thread/INFO]: Willis lost connection: TextComponent{text='Disconnected', siblings=[], style=Style{hasParent=false, color=null, bold=null, italic=null, underlined=null, obfuscated=null, clickEvent=null, hoverEvent=null, insertion=null}}
[05:41:12] [Server thread/INFO]: Willis left the game
[08:54:57] [Server thread/INFO]: Willis[/59.55.50.241:40129] logged in with entity id 64010 at (606.4311732868009, 62.0, 250.8932505404074)
[08:54:57] [Server thread/INFO]: Willis joined the game
[09:00:08] [Server thread/INFO]: Willis lost connection: TextComponent{text='Disconnected', siblings=[], style=Style{hasParent=false, color=null, bold=null, italic=null, underlined=null, obfuscated=null, clickEvent=null, hoverEvent=null, insertion=null}}
[09:00:08] [Server thread/INFO]: Willis left the game
[14:14:35] [Server thread/INFO]: Willis[/39.177.109.122:6104] logged in with entity id 68824 at (606.3000000119209, 62.0, 251.03101582302162)
[14:14:35] [Server thread/INFO]: Willis joined the game
[14:30:45] [Server thread/INFO]: Willis lost connection: TextComponent{text='You logged in from another location', siblings=[], style=Style{hasParent=false, color=null, bold=null, italic=null, underlined=null, obfuscated=null, clickEvent=null, hoverEvent=null, insertion=null}}
[14:30:45] [Server thread/INFO]: Willis left the game
[14:30:45] [Server thread/INFO]: Willis[/39.177.109.122:5684] logged in with entity id 84087 at (613.8021808054916, 64.0, 255.07574201978235)
[14:30:45] [Server thread/INFO]: Willis joined the game
[14:32:12] [Server thread/INFO]: Willis lost connection: TextComponent{text='You logged in from another location', siblings=[], style=Style{hasParent=false, color=null, bold=null, italic=null, underlined=null, obfuscated=null, clickEvent=null, hoverEvent=null, insertion=null}}
[14:32:12] [Server thread/INFO]: Willis left the game
[14:32:12] [Server thread/INFO]: Willis[/39.177.109.122:5769] logged in with entity id 85471 at (617.038631384483, 63.0, 245.75772038722806)
[14:32:12] [Server thread/INFO]: Willis joined the game
[14:33:23] [Server thread/INFO]: Willis lost connection: TextComponent{text='You logged in from another location', siblings=[], style=Style{hasParent=false, color=null, bold=null, italic=null, underlined=null, obfuscated=null, clickEvent=null, hoverEvent=null, insertion=null}}
[14:33:23] [Server thread/INFO]: Willis left the game
[14:33:23] [Server thread/INFO]: Willis[/39.177.109.122:5840] logged in with entity id 86592 at (633.1238504118479, 64.0, 247.9864865863542)
[14:33:23] [Server thread/INFO]: Willis joined the game
[14:34:40] [Server thread/INFO]: Willis lost connection: TranslatableComponent{key='disconnect.timeout', args=[], siblings=[], style=Style{hasParent=false, color=null, bold=null, italic=null, underlined=null, obfuscated=null, clickEvent=null, hoverEvent=null, insertion=null}}
[14:34:40] [Server thread/INFO]: Willis left the game
[13:23:28] [Server thread/INFO]: Willis[/39.177.109.122:5832] logged in with entity id 87902 at (607.655947594011, 62.0, 251.52334290980826)
[13:23:28] [Server thread/INFO]: Willis joined the game
[14:00:13] [Server thread/INFO]: Willis was slain by Zombie
[14:56:58] [Server thread/INFO]: Willis lost connection: TranslatableComponent{key='disconnect.timeout', args=[], siblings=[], style=Style{hasParent=false, color=null, bold=null, italic=null, underlined=null, obfuscated=null, clickEvent=null, hoverEvent=null, insertion=null}}
[14:56:58] [Server thread/INFO]: Willis left the game
[04:44:13] [Server thread/INFO]: Willis[/59.55.50.39:52449] logged in with entity id 170811 at (609.0089806799134, 64.0, 243.60348634522322)
[04:44:13] [Server thread/INFO]: Willis joined the game
[05:30:19] [Server thread/INFO]: Willis lost connection: TextComponent{text='Disconnected', siblings=[], style=Style{hasParent=false, color=null, bold=null, italic=null, underlined=null, obfuscated=null, clickEvent=null, hoverEvent=null, insertion=null}}
[05:30:19] [Server thread/INFO]: Willis left the game
[01:05:14] [Server thread/INFO]: Willis[/59.55.49.237:49281] logged in with entity id 213331 at (611.8218363477297, 64.0, 246.78511439227944)
[01:05:14] [Server thread/INFO]: Willis joined the game
[01:07:56] [Server thread/INFO]: Willis lost connection: TextComponent{text='Disconnected', siblings=[], style=Style{hasParent=false, color=null, bold=null, italic=null, underlined=null, obfuscated=null, clickEvent=null, hoverEvent=null, insertion=null}}
[01:07:56] [Server thread/INFO]: Willis left the game
[23:36:14] [Server thread/WARN]: Time ran backwards! Did the system time change?
[00:46:18] [Server thread/WARN]: Time ran backwards! Did the system time change?
[02:14:23] [Server thread/WARN]: Time ran backwards! Did the system time change?
