[04:38:37] [Server thread/INFO]: Starting minecraft server version 1.11.2
[04:38:37] [Server thread/INFO]: Loading properties
[04:38:37] [Server thread/INFO]: Default game type: SURVIVAL
[04:38:37] [Server thread/INFO]: Generating keypair
[04:38:37] [Server thread/INFO]: Starting Minecraft server on *:25565
[04:38:37] [Server thread/INFO]: Using epoll channel type
[04:38:37] [Server thread/WARN]: **** SERVER IS RUNNING IN OFFLINE/INSECURE MODE!
[04:38:37] [Server thread/WARN]: The server will make no attempt to authenticate usernames. Beware.
[04:38:37] [Server thread/WARN]: While this makes the game possible to play without internet access, it also opens up the ability for hackers to connect with any username they choose.
[04:38:37] [Server thread/WARN]: To change this, set "online-mode" to "true" in the server.properties file.
[04:38:37] [Server thread/INFO]: Preparing level "world"
[04:38:38] [Server thread/INFO]: Preparing start region for level 0
[04:38:39] [Server thread/INFO]: Preparing spawn area: 0%
[04:38:40] [Server thread/INFO]: Preparing spawn area: 47%
[04:38:41] [Server thread/INFO]: Preparing spawn area: 93%
[04:38:41] [Server thread/INFO]: Done (3.493s)! For help, type "help" or "?"
[04:38:41] [Server thread/INFO]: Willis[/59.55.50.10:50625] logged in with entity id 0 at (605.9095381804142, 62.0, 250.59848042097983)
[04:38:41] [Server thread/INFO]: Willis joined the game
[05:03:25] [Server thread/INFO]: Willis has just earned the achievement [Hot Topic]
[05:11:57] [Server thread/INFO]: Willis has just earned the achievement [Acquire Hardware]
[05:16:32] [Server thread/INFO]: Willis has just earned the achievement [Cow Tipper]
[05:41:12] [Server thread/INFO]: Willis lost connection: TextComponent{text='Disconnected', siblings=[], style=Style{hasParent=false, color=null, bold=null, italic=null, underlined=null, obfuscated=null, clickEvent=null, hoverEvent=null, insertion=null}}
[05:41:12] [Server thread/INFO]: Willis left the game
[08:54:57] [Server thread/INFO]: Willis[/59.55.50.241:40129] logged in with entity id 64010 at (606.4311732868009, 62.0, 250.8932505404074)
[08:54:57] [Server thread/INFO]: Willis joined the game
[09:00:08] [Server thread/INFO]: Willis lost connection: TextComponent{text='Disconnected', siblings=[], style=Style{hasParent=false, color=null, bold=null, italic=null, underlined=null, obfuscated=null, clickEvent=null, hoverEvent=null, insertion=null}}
[09:00:08] [Server thread/INFO]: Willis left the game
[14:14:35] [Server thread/INFO]: Willis[/39.177.109.122:6104] logged in with entity id 68824 at (606.3000000119209, 62.0, 251.03101582302162)
[14:14:35] [Server thread/INFO]: Willis joined the game
[14:30:45] [Server thread/INFO]: Willis lost connection: TextComponent{text='You logged in from another location', siblings=[], style=Style{hasParent=false, color=null, bold=null, italic=null, underlined=null, obfuscated=null, clickEvent=null, hoverEvent=null, insertion=null}}
[14:30:45] [Server thread/INFO]: Willis left the game
[14:30:45] [Server thread/INFO]: Willis[/39.177.109.122:5684] logged in with entity id 84087 at (613.8021808054916, 64.0, 255.07574201978235)
[14:30:45] [Server thread/INFO]: Willis joined the game
[14:32:12] [Server thread/INFO]: Willis lost connection: TextComponent{text='You logged in from another location', siblings=[], style=Style{hasParent=false, color=null, bold=null, italic=null, underlined=null, obfuscated=null, clickEvent=null, hoverEvent=null, insertion=null}}
[14:32:12] [Server thread/INFO]: Willis left the game
[14:32:12] [Server thread/INFO]: Willis[/39.177.109.122:5769] logged in with entity id 85471 at (617.038631384483, 63.0, 245.75772038722806)
[14:32:12] [Server thread/INFO]: Willis joined the game
[14:33:23] [Server thread/INFO]: Willis lost connection: TextComponent{text='You logged in from another location', siblings=[], style=Style{hasParent=false, color=null, bold=null, italic=null, underlined=null, obfuscated=null, clickEvent=null, hoverEvent=null, insertion=null}}
[14:33:23] [Server thread/INFO]: Willis left the game
[14:33:23] [Server thread/INFO]: Willis[/39.177.109.122:5840] logged in with entity id 86592 at (633.1238504118479, 64.0, 247.9864865863542)
[14:33:23] [Server thread/INFO]: Willis joined the game
[14:34:40] [Server thread/INFO]: Willis lost connection: TranslatableComponent{key='disconnect.timeout', args=[], siblings=[], style=Style{hasParent=false, color=null, bold=null, italic=null, underlined=null, obfuscated=null, clickEvent=null, hoverEvent=null, insertion=null}}
[14:34:40] [Server thread/INFO]: Willis left the game
